13:25:27  INFO      Resumed with 10 existing candidates from data/interim/tournament_candidates.csv
13:25:27  INFO      Searching: year=2025  time_control=Standard  …
13:25:33  INFO        → 2000 IDs returned, 177 excluded by name filter, 1823 surviving
13:25:33  INFO      Searching: year=2025  time_control=Rapid  …
13:25:36  INFO        → 2000 IDs returned, 366 excluded by name filter, 1634 surviving
13:25:36  INFO      Searching: year=2024  time_control=Standard  …
13:25:40  INFO        → 2000 IDs returned, 221 excluded by name filter, 1779 surviving
13:25:40  INFO      Searching: year=2024  time_control=Rapid  …
13:25:44  INFO        → 2002 IDs returned, 319 excluded by name filter, 1683 surviving
13:25:44  INFO      Searching: year=2023  time_control=Standard  …
13:25:47  INFO        → 2000 IDs returned, 216 excluded by name filter, 1784 surviving
13:25:47  INFO      Searching: year=2023  time_control=Rapid  …
13:25:50  INFO        → 2000 IDs returned, 381 excluded by name filter, 1619 surviving
13:27:20  INFO        tnr1209676   rnd=7   ply=63    avg_rtg=1883  rated=87  %  tc=?           → PASS
13:28:19  INFO        tnr1275253   rnd=7   ply=65    avg_rtg=1982  rated=100 %  tc=?           → PASS
13:29:40  INFO        tnr1322060   rnd=8   ply=57    avg_rtg=1950  rated=84  %  tc=?           → PASS
13:29:43  INFO        tnr1278459   rnd=7   ply=62    avg_rtg=1829  rated=98  %  tc=?           → PASS
13:30:57  INFO        tnr1293523   rnd=6   ply=32    avg_rtg=1879  rated=88  %  tc=?           → PASS
13:31:00  INFO        tnr1266603   rnd=7   ply=79    avg_rtg=1854  rated=98  %  tc=?           → PASS
13:31:07  INFO        tnr1309599   rnd=7   ply=31    avg_rtg=1970  rated=100 %  tc=?           → PASS
13:31:15  INFO        tnr1324528   rnd=8   ply=131   avg_rtg=1884  rated=95  %  tc=?           → PASS
14:04:37  WARNING   Retrying __main__.RateLimitedSession.get in 3 seconds as it raised ConnectionError: ('Connection aborted.', OSError(49, "Can't assign requested address")).
14:20:25  WARNING   Retrying __main__.RateLimitedSession.get in 3 seconds as it raised ConnectionError: HTTPSConnectionPool(host='s1.chess-results.com', port=443): Max retries exceeded with url: /tnr1323960.aspx?lan=1&art=4 (Caused by NameResolutionError("HTTPSConnection(host='s1.chess-results.com', port=443): Failed to resolve 's1.chess-results.com' ([Errno 8] nodename nor servname provided, or not known)")).
14:20:28  WARNING   Retrying __main__.RateLimitedSession.get in 4 seconds as it raised ConnectionError: HTTPSConnectionPool(host='s1.chess-results.com', port=443): Max retries exceeded with url: /tnr1323960.aspx?lan=1&art=4 (Caused by NameResolutionError("HTTPSConnection(host='s1.chess-results.com', port=443): Failed to resolve 's1.chess-results.com' ([Errno 8] nodename nor servname provided, or not known)")).
Traceback (most recent call last):
  File "/Users/azat/Desktop/chess_2/.venv/lib/python3.14/site-packages/urllib3/connection.py", line 204, in _new_conn
    sock = connection.create_connection(
        (self._dns_host, self.port),
    ...<2 lines>...
        socket_options=self.socket_options,
    )
  File "/Users/azat/Desktop/chess_2/.venv/lib/python3.14/site-packages/urllib3/util/connection.py", line 60, in create_connection
    for res in socket.getaddrinfo(host, port, family, socket.SOCK_STREAM):
               ~~~~~~~~~~~~~~~~~~^^^^^^^^^^^^^^^^^^^^^^^^^^^^^^^^^^^^^^^^
  File "/opt/homebrew/Cellar/python@3.14/3.14.2/Frameworks/Python.framework/Versions/3.14/lib/python3.14/socket.py", line 983, in getaddrinfo
    for res in _socket.getaddrinfo(host, port, family, type, proto, flags):
               ~~~~~~~~~~~~~~~~~~~^^^^^^^^^^^^^^^^^^^^^^^^^^^^^^^^^^^^^^^^
socket.gaierror: [Errno 8] nodename nor servname provided, or not known

The above exception was the direct cause of the following exception:

Traceback (most recent call last):
  File "/Users/azat/Desktop/chess_2/.venv/lib/python3.14/site-packages/urllib3/connectionpool.py", line 787, in urlopen
    response = self._make_request(
        conn,
    ...<10 lines>...
        **response_kw,
    )
  File "/Users/azat/Desktop/chess_2/.venv/lib/python3.14/site-packages/urllib3/connectionpool.py", line 488, in _make_request
    raise new_e
  File "/Users/azat/Desktop/chess_2/.venv/lib/python3.14/site-packages/urllib3/connectionpool.py", line 464, in _make_request
    self._validate_conn(conn)
    ~~~~~~~~~~~~~~~~~~~^^^^^^
  File "/Users/azat/Desktop/chess_2/.venv/lib/python3.14/site-packages/urllib3/connectionpool.py", line 1093, in _validate_conn
    conn.connect()
    ~~~~~~~~~~~~^^
  File "/Users/azat/Desktop/chess_2/.venv/lib/python3.14/site-packages/urllib3/connection.py", line 759, in connect
    self.sock = sock = self._new_conn()
                       ~~~~~~~~~~~~~~^^
  File "/Users/azat/Desktop/chess_2/.venv/lib/python3.14/site-packages/urllib3/connection.py", line 211, in _new_conn
    raise NameResolutionError(self.host, self, e) from e
urllib3.exceptions.NameResolutionError: HTTPSConnection(host='s1.chess-results.com', port=443): Failed to resolve 's1.chess-results.com' ([Errno 8] nodename nor servname provided, or not known)

The above exception was the direct cause of the following exception:

Traceback (most recent call last):
  File "/Users/azat/Desktop/chess_2/.venv/lib/python3.14/site-packages/requests/adapters.py", line 645, in send
    resp = conn.urlopen(
        method=request.method,
    ...<9 lines>...
        chunked=chunked,
    )
  File "/Users/azat/Desktop/chess_2/.venv/lib/python3.14/site-packages/urllib3/connectionpool.py", line 841, in urlopen
    retries = retries.increment(
        method, url, error=new_e, _pool=self, _stacktrace=sys.exc_info()[2]
    )
  File "/Users/azat/Desktop/chess_2/.venv/lib/python3.14/site-packages/urllib3/util/retry.py", line 535, in increment
    raise MaxRetryError(_pool, url, reason) from reason  # type: ignore[arg-type]
    ^^^^^^^^^^^^^^^^^^^^^^^^^^^^^^^^^^^^^^^^^^^^^^^^^^^
urllib3.exceptions.MaxRetryError: HTTPSConnectionPool(host='s1.chess-results.com', port=443): Max retries exceeded with url: /tnr1323960.aspx?lan=1&art=4 (Caused by NameResolutionError("HTTPSConnection(host='s1.chess-results.com', port=443): Failed to resolve 's1.chess-results.com' ([Errno 8] nodename nor servname provided, or not known)"))

During handling of the above exception, another exception occurred:

Traceback (most recent call last):
  File "/Users/azat/Desktop/chess_2/src/scrape_discovery.py", line 616, in <module>
    main()
    ~~~~^^
  File "/Users/azat/Desktop/chess_2/src/scrape_discovery.py", line 564, in main
    t = parse_tournament_page(tid, search_name=search_name, search_date=search_date)
  File "/Users/azat/Desktop/chess_2/src/scrape_discovery.py", line 303, in parse_tournament_page
    result4 = _fetch_soup(tid, art=4)
  File "/Users/azat/Desktop/chess_2/src/scrape_discovery.py", line 279, in _fetch_soup
    resp = _session.get(url, params={"lan": 1, "art": art})
  File "/Users/azat/Desktop/chess_2/.venv/lib/python3.14/site-packages/tenacity/__init__.py", line 331, in wrapped_f
    return copy(f, *args, **kw)
  File "/Users/azat/Desktop/chess_2/.venv/lib/python3.14/site-packages/tenacity/__init__.py", line 470, in __call__
    do = self.iter(retry_state=retry_state)
  File "/Users/azat/Desktop/chess_2/.venv/lib/python3.14/site-packages/tenacity/__init__.py", line 371, in iter
    result = action(retry_state)
  File "/Users/azat/Desktop/chess_2/.venv/lib/python3.14/site-packages/tenacity/__init__.py", line 413, in exc_check
    raise retry_exc.reraise()
          ~~~~~~~~~~~~~~~~~^^
  File "/Users/azat/Desktop/chess_2/.venv/lib/python3.14/site-packages/tenacity/__init__.py", line 184, in reraise
    raise self.last_attempt.result()
          ~~~~~~~~~~~~~~~~~~~~~~~~^^
  File "/opt/homebrew/Cellar/python@3.14/3.14.2/Frameworks/Python.framework/Versions/3.14/lib/python3.14/concurrent/futures/_base.py", line 443, in result
    return self.__get_result()
           ~~~~~~~~~~~~~~~~~^^
  File "/opt/homebrew/Cellar/python@3.14/3.14.2/Frameworks/Python.framework/Versions/3.14/lib/python3.14/concurrent/futures/_base.py", line 395, in __get_result
    raise self._exception
  File "/Users/azat/Desktop/chess_2/.venv/lib/python3.14/site-packages/tenacity/__init__.py", line 473, in __call__
    result = fn(*args, **kwargs)
  File "/Users/azat/Desktop/chess_2/src/scrape_discovery.py", line 163, in get
    resp = self._s.get(url, timeout=25, **kw)
  File "/Users/azat/Desktop/chess_2/.venv/lib/python3.14/site-packages/requests/sessions.py", line 605, in get
    return self.request("GET", url, **kwargs)
           ~~~~~~~~~~~~^^^^^^^^^^^^^^^^^^^^^^
  File "/Users/azat/Desktop/chess_2/.venv/lib/python3.14/site-packages/requests/sessions.py", line 592, in request
    resp = self.send(prep, **send_kwargs)
  File "/Users/azat/Desktop/chess_2/.venv/lib/python3.14/site-packages/requests/sessions.py", line 706, in send
    r = adapter.send(request, **kwargs)
  File "/Users/azat/Desktop/chess_2/.venv/lib/python3.14/site-packages/requests/adapters.py", line 678, in send
    raise ConnectionError(e, request=request)
requests.exceptions.ConnectionError: HTTPSConnectionPool(host='s1.chess-results.com', port=443): Max retries exceeded with url: /tnr1323960.aspx?lan=1&art=4 (Caused by NameResolutionError("HTTPSConnection(host='s1.chess-results.com', port=443): Failed to resolve 's1.chess-results.com' ([Errno 8] nodename nor servname provided, or not known)"))
11:24:37  INFO      Resumed with 10 existing candidates from data/interim/tournament_candidates.csv
11:24:37  INFO      Searching: year=2025  time_control=Standard  …
11:24:41  INFO        → 2000 IDs returned, 177 excluded by name filter, 1823 surviving
11:24:41  INFO      Searching: year=2025  time_control=Rapid  …
11:24:45  INFO        → 2000 IDs returned, 366 excluded by name filter, 1634 surviving
11:24:45  INFO      Searching: year=2024  time_control=Standard  …
11:24:48  INFO        → 2000 IDs returned, 221 excluded by name filter, 1779 surviving
11:24:48  INFO      Searching: year=2024  time_control=Rapid  …
11:24:52  INFO        → 2002 IDs returned, 319 excluded by name filter, 1683 surviving
11:24:52  INFO      Searching: year=2023  time_control=Standard  …
11:24:56  INFO        → 2000 IDs returned, 216 excluded by name filter, 1784 surviving
11:24:56  INFO      Searching: year=2023  time_control=Rapid  …
11:25:01  INFO        → 2000 IDs returned, 381 excluded by name filter, 1619 surviving
11:26:28  INFO        tnr1209676   rnd=7   ply=63    avg_rtg=1883  rated=87  %  tc=?           → PASS
11:26:28  INFO        ↳ checkpoint: 11 candidates saved to data/interim/tournament_candidates.csv
11:27:27  INFO        tnr1275253   rnd=7   ply=65    avg_rtg=1982  rated=100 %  tc=?           → PASS
11:27:27  INFO        ↳ checkpoint: 12 candidates saved to data/interim/tournament_candidates.csv
11:28:48  INFO        tnr1322060   rnd=8   ply=57    avg_rtg=1950  rated=84  %  tc=?           → PASS
11:28:48  INFO        ↳ checkpoint: 13 candidates saved to data/interim/tournament_candidates.csv
11:28:51  INFO        tnr1278459   rnd=7   ply=62    avg_rtg=1829  rated=98  %  tc=?           → PASS
11:28:51  INFO        ↳ checkpoint: 14 candidates saved to data/interim/tournament_candidates.csv
11:30:05  INFO        tnr1293523   rnd=6   ply=32    avg_rtg=1879  rated=88  %  tc=?           → PASS
11:30:05  INFO        ↳ checkpoint: 15 candidates saved to data/interim/tournament_candidates.csv
11:30:08  INFO        tnr1266603   rnd=7   ply=79    avg_rtg=1854  rated=98  %  tc=?           → PASS
11:30:08  INFO        ↳ checkpoint: 16 candidates saved to data/interim/tournament_candidates.csv
11:30:15  INFO        tnr1309599   rnd=7   ply=31    avg_rtg=1970  rated=100 %  tc=?           → PASS
11:30:15  INFO        ↳ checkpoint: 17 candidates saved to data/interim/tournament_candidates.csv
11:30:23  INFO        tnr1324528   rnd=8   ply=131   avg_rtg=1884  rated=95  %  tc=?           → PASS
11:30:23  INFO        ↳ checkpoint: 18 candidates saved to data/interim/tournament_candidates.csv
11:32:56  INFO        tnr1241551   rnd=7   ply=45    avg_rtg=2159  rated=100 %  tc=?           → PASS
11:32:56  INFO        ↳ checkpoint: 19 candidates saved to data/interim/tournament_candidates.csv
11:32:59  INFO        tnr1242846   rnd=7   ply=53    avg_rtg=1834  rated=100 %  tc=?           → PASS
11:32:59  INFO        ↳ checkpoint: 20 candidates saved to data/interim/tournament_candidates.csv
11:34:04  INFO        tnr1314460   rnd=9   ply=47    avg_rtg=1895  rated=98  %  tc=?           → PASS
11:34:04  INFO        ↳ checkpoint: 21 candidates saved to data/interim/tournament_candidates.csv
11:34:09  INFO        tnr1312432   rnd=9   ply=80    avg_rtg=2011  rated=99  %  tc=?           → PASS
11:34:09  INFO        ↳ checkpoint: 22 candidates saved to data/interim/tournament_candidates.csv
11:35:18  INFO        tnr1292777   rnd=7   ply=71    avg_rtg=2019  rated=100 %  tc=?           → PASS
11:35:18  INFO        ↳ checkpoint: 23 candidates saved to data/interim/tournament_candidates.csv
11:35:39  INFO        tnr1263715   rnd=7   ply=38    avg_rtg=2135  rated=100 %  tc=?           → PASS
11:35:39  INFO        ↳ checkpoint: 24 candidates saved to data/interim/tournament_candidates.csv
11:35:51  INFO        tnr1094232   rnd=9   ply=90    avg_rtg=2194  rated=100 %  tc=Schnell     → PASS
11:35:51  INFO        ↳ checkpoint: 25 candidates saved to data/interim/tournament_candidates.csv
11:35:54  INFO        tnr1300791   rnd=9   ply=47    avg_rtg=1831  rated=83  %  tc=?           → PASS
11:35:54  INFO        ↳ checkpoint: 26 candidates saved to data/interim/tournament_candidates.csv
11:37:36  INFO        tnr1313571   rnd=9   ply=41    avg_rtg=2063  rated=100 %  tc=Schnell     → PASS
11:37:36  INFO        ↳ checkpoint: 27 candidates saved to data/interim/tournament_candidates.csv
11:37:44  INFO        tnr1287555   rnd=7   ply=62    avg_rtg=1833  rated=87  %  tc=?           → PASS
11:37:44  INFO        ↳ checkpoint: 28 candidates saved to data/interim/tournament_candidates.csv
11:40:10  INFO        tnr1277432   rnd=10  ply=150   avg_rtg=2102  rated=100 %  tc=?           → PASS
11:40:10  INFO        ↳ checkpoint: 29 candidates saved to data/interim/tournament_candidates.csv
11:40:13  INFO        tnr1277433   rnd=9   ply=150   avg_rtg=1845  rated=100 %  tc=?           → PASS
11:40:13  INFO        ↳ checkpoint: 30 candidates saved to data/interim/tournament_candidates.csv
11:41:01  INFO        tnr1235671   rnd=9   ply=129   avg_rtg=2061  rated=100 %  tc=?           → PASS
11:41:01  INFO        ↳ checkpoint: 31 candidates saved to data/interim/tournament_candidates.csv
11:41:26  INFO        tnr1307978   rnd=10  ply=58    avg_rtg=2213  rated=100 %  tc=?           → PASS
11:41:26  INFO        ↳ checkpoint: 32 candidates saved to data/interim/tournament_candidates.csv
11:41:40  INFO        tnr1302807   rnd=11  ply=35    avg_rtg=1809  rated=100 %  tc=Standard    → PASS
11:41:40  INFO        ↳ checkpoint: 33 candidates saved to data/interim/tournament_candidates.csv
11:42:02  INFO        tnr1290636   rnd=7   ply=30    avg_rtg=1876  rated=100 %  tc=?           → PASS
11:42:02  INFO        ↳ checkpoint: 34 candidates saved to data/interim/tournament_candidates.csv
11:42:11  INFO        tnr1277319   rnd=7   ply=42    avg_rtg=2102  rated=98  %  tc=?           → PASS
11:42:11  INFO        ↳ checkpoint: 35 candidates saved to data/interim/tournament_candidates.csv
11:43:12  INFO        tnr1210514   rnd=9   ply=63    avg_rtg=2260  rated=100 %  tc=?           → PASS
11:43:12  INFO        ↳ checkpoint: 36 candidates saved to data/interim/tournament_candidates.csv
11:43:15  INFO        tnr1210515   rnd=9   ply=53    avg_rtg=1894  rated=100 %  tc=?           → PASS
11:43:15  INFO        ↳ checkpoint: 37 candidates saved to data/interim/tournament_candidates.csv
11:45:00  INFO        tnr1317305   rnd=9   ply=30    avg_rtg=1911  rated=97  %  tc=?           → PASS
11:45:00  INFO        ↳ checkpoint: 38 candidates saved to data/interim/tournament_candidates.csv
11:54:06  INFO        tnr1300604   rnd=6   ply=52    avg_rtg=1829  rated=100 %  tc=?           → PASS
11:54:06  INFO        ↳ checkpoint: 39 candidates saved to data/interim/tournament_candidates.csv
11:55:37  INFO        tnr1319203   rnd=7   ply=38    avg_rtg=1885  rated=100 %  tc=?           → PASS
11:55:37  INFO        ↳ checkpoint: 40 candidates saved to data/interim/tournament_candidates.csv
11:56:18  INFO        tnr1319270   rnd=7   ply=96    avg_rtg=2207  rated=100 %  tc=?           → PASS
11:56:18  INFO        ↳ checkpoint: 41 candidates saved to data/interim/tournament_candidates.csv
11:56:24  INFO        tnr1316550   rnd=9   ply=98    avg_rtg=1966  rated=98  %  tc=?           → PASS
11:56:24  INFO        ↳ checkpoint: 42 candidates saved to data/interim/tournament_candidates.csv
11:56:31  INFO        tnr1213210   rnd=7   ply=95    avg_rtg=1855  rated=87  %  tc=?           → PASS
11:56:31  INFO        ↳ checkpoint: 43 candidates saved to data/interim/tournament_candidates.csv
11:56:57  INFO        tnr1262787   rnd=7   ply=47    avg_rtg=1862  rated=96  %  tc=?           → PASS
11:56:57  INFO        ↳ checkpoint: 44 candidates saved to data/interim/tournament_candidates.csv
11:58:05  INFO        tnr1277628   rnd=9   ply=43    avg_rtg=1939  rated=100 %  tc=?           → PASS
11:58:05  INFO        ↳ checkpoint: 45 candidates saved to data/interim/tournament_candidates.csv
11:58:20  INFO        tnr1299458   rnd=9   ply=33    avg_rtg=1852  rated=100 %  tc=?           → PASS
11:58:20  INFO        ↳ checkpoint: 46 candidates saved to data/interim/tournament_candidates.csv
11:58:26  INFO        tnr1314104   rnd=7   ply=52    avg_rtg=1829  rated=85  %  tc=?           → PASS
11:58:26  INFO        ↳ checkpoint: 47 candidates saved to data/interim/tournament_candidates.csv
11:59:30  INFO        tnr1300653   rnd=7   ply=50    avg_rtg=1948  rated=100 %  tc=?           → PASS
11:59:30  INFO        ↳ checkpoint: 48 candidates saved to data/interim/tournament_candidates.csv
12:01:01  INFO        tnr1305306   rnd=9   ply=125   avg_rtg=1852  rated=90  %  tc=?           → PASS
12:01:01  INFO        ↳ checkpoint: 49 candidates saved to data/interim/tournament_candidates.csv
12:02:11  INFO        tnr1299610   rnd=9   ply=57    avg_rtg=2174  rated=100 %  tc=?           → PASS
12:02:11  INFO        ↳ checkpoint: 50 candidates saved to data/interim/tournament_candidates.csv
12:02:42  INFO        tnr1306069   rnd=9   ply=125   avg_rtg=2060  rated=100 %  tc=?           → PASS
12:02:42  INFO        ↳ checkpoint: 51 candidates saved to data/interim/tournament_candidates.csv
12:02:45  INFO        tnr1306068   rnd=9   ply=31    avg_rtg=2008  rated=97  %  tc=?           → PASS
12:02:45  INFO        ↳ checkpoint: 52 candidates saved to data/interim/tournament_candidates.csv
12:03:19  INFO        tnr1251766   rnd=11  ply=136   avg_rtg=1936  rated=90  %  tc=?           → PASS
12:03:19  INFO        ↳ checkpoint: 53 candidates saved to data/interim/tournament_candidates.csv
12:13:06  INFO        tnr1313909   rnd=6   ply=61    avg_rtg=1894  rated=85  %  tc=?           → PASS
12:13:06  INFO        ↳ checkpoint: 54 candidates saved to data/interim/tournament_candidates.csv
12:13:47  INFO        tnr1208374   rnd=9   ply=45    avg_rtg=2070  rated=100 %  tc=?           → PASS
12:13:47  INFO        ↳ checkpoint: 55 candidates saved to data/interim/tournament_candidates.csv
12:14:09  INFO        tnr1277112   rnd=9   ply=78    avg_rtg=1824  rated=95  %  tc=?           → PASS
12:14:09  INFO        ↳ checkpoint: 56 candidates saved to data/interim/tournament_candidates.csv
12:15:01  INFO        tnr1258957   rnd=10  ply=150   avg_rtg=2232  rated=100 %  tc=?           → PASS
12:15:01  INFO        ↳ checkpoint: 57 candidates saved to data/interim/tournament_candidates.csv
12:15:58  INFO        tnr1254861   rnd=7   ply=42    avg_rtg=1810  rated=100 %  tc=?           → PASS
12:15:58  INFO        ↳ checkpoint: 58 candidates saved to data/interim/tournament_candidates.csv
12:17:36  INFO        tnr1292959   rnd=8   ply=129   avg_rtg=1818  rated=86  %  tc=?           → PASS
12:17:36  INFO        ↳ checkpoint: 59 candidates saved to data/interim/tournament_candidates.csv
12:18:10  INFO        tnr1308129   rnd=9   ply=33    avg_rtg=1926  rated=97  %  tc=?           → PASS
12:18:10  INFO        ↳ checkpoint: 60 candidates saved to data/interim/tournament_candidates.csv
12:23:44  INFO        tnr1299309   rnd=7   ply=51    avg_rtg=2002  rated=100 %  tc=?           → PASS
12:23:44  INFO        ↳ checkpoint: 61 candidates saved to data/interim/tournament_candidates.csv
12:24:11  INFO        tnr1310916   rnd=9   ply=77    avg_rtg=1972  rated=95  %  tc=?           → PASS
12:24:11  INFO        ↳ checkpoint: 62 candidates saved to data/interim/tournament_candidates.csv
12:24:41  INFO        tnr1319828   rnd=9   ply=45    avg_rtg=1893  rated=96  %  tc=Rapid       → PASS
12:24:41  INFO        ↳ checkpoint: 63 candidates saved to data/interim/tournament_candidates.csv
12:27:00  INFO        tnr1325893   rnd=7   ply=51    avg_rtg=1845  rated=80  %  tc=Rapid       → PASS
12:27:00  INFO        ↳ checkpoint: 64 candidates saved to data/interim/tournament_candidates.csv
12:33:31  INFO        tnr1321995   rnd=7   ply=122   avg_rtg=1818  rated=85  %  tc=Rapid       → PASS
12:33:31  INFO        ↳ checkpoint: 65 candidates saved to data/interim/tournament_candidates.csv
12:35:28  INFO        tnr1325119   rnd=7   ply=66    avg_rtg=1857  rated=94  %  tc=Rapid       → PASS
12:35:28  INFO        ↳ checkpoint: 66 candidates saved to data/interim/tournament_candidates.csv
12:35:31  INFO        tnr1277321   rnd=9   ply=66    avg_rtg=2084  rated=97  %  tc=Rapid       → PASS
12:35:31  INFO        ↳ checkpoint: 67 candidates saved to data/interim/tournament_candidates.csv
12:37:26  INFO        tnr1322314   rnd=9   ply=41    avg_rtg=1894  rated=93  %  tc=?           → PASS
12:37:26  INFO        ↳ checkpoint: 68 candidates saved to data/interim/tournament_candidates.csv
12:37:43  INFO        tnr1321838   rnd=9   ply=79    avg_rtg=1806  rated=84  %  tc=?           → PASS
12:37:43  INFO        ↳ checkpoint: 69 candidates saved to data/interim/tournament_candidates.csv
12:38:04  INFO        tnr1308177   rnd=8   ply=67    avg_rtg=1852  rated=98  %  tc=?           → PASS
12:38:04  INFO        ↳ checkpoint: 70 candidates saved to data/interim/tournament_candidates.csv
12:38:31  INFO        tnr1307620   rnd=7   ply=45    avg_rtg=1843  rated=96  %  tc=?           → PASS
12:38:31  INFO        ↳ checkpoint: 71 candidates saved to data/interim/tournament_candidates.csv
12:41:09  INFO        tnr1323866   rnd=9   ply=44    avg_rtg=1963  rated=100 %  tc=?           → PASS
12:41:09  INFO        ↳ checkpoint: 72 candidates saved to data/interim/tournament_candidates.csv
12:43:29  INFO        tnr1320076   rnd=7   ply=31    avg_rtg=1946  rated=94  %  tc=?           → PASS
12:43:29  INFO        ↳ checkpoint: 73 candidates saved to data/interim/tournament_candidates.csv
12:49:34  INFO        tnr1324037   rnd=11  ply=58    avg_rtg=1835  rated=100 %  tc=?           → PASS
12:49:34  INFO        ↳ checkpoint: 74 candidates saved to data/interim/tournament_candidates.csv
12:53:44  INFO        tnr1319475   rnd=6   ply=32    avg_rtg=1818  rated=97  %  tc=Rapid       → PASS
12:53:44  INFO        ↳ checkpoint: 75 candidates saved to data/interim/tournament_candidates.csv
12:54:27  INFO        tnr1313075   rnd=11  ply=141   avg_rtg=2197  rated=100 %  tc=Rapid       → PASS
12:54:27  INFO        ↳ checkpoint: 76 candidates saved to data/interim/tournament_candidates.csv
12:55:42  INFO        tnr1316189   rnd=9   ply=39    avg_rtg=1899  rated=82  %  tc=?           → PASS
12:55:42  INFO        ↳ checkpoint: 77 candidates saved to data/interim/tournament_candidates.csv
13:00:45  INFO        tnr1303926   rnd=7   ply=34    avg_rtg=1814  rated=100 %  tc=?           → PASS
13:00:45  INFO        ↳ checkpoint: 78 candidates saved to data/interim/tournament_candidates.csv
13:02:23  INFO        tnr1322555   rnd=9   ply=53    avg_rtg=1863  rated=100 %  tc=Rapid       → PASS
13:02:23  INFO        ↳ checkpoint: 79 candidates saved to data/interim/tournament_candidates.csv
13:03:11  INFO        tnr1306028   rnd=9   ply=150   avg_rtg=2011  rated=100 %  tc=Rapid       → PASS
13:03:11  INFO        ↳ checkpoint: 80 candidates saved to data/interim/tournament_candidates.csv
13:03:14  INFO        tnr1322287   rnd=9   ply=39    avg_rtg=1857  rated=100 %  tc=Rapid       → PASS
13:03:14  INFO        ↳ checkpoint: 81 candidates saved to data/interim/tournament_candidates.csv
13:06:58  INFO        tnr1301587   rnd=9   ply=150   avg_rtg=2110  rated=100 %  tc=?           → PASS
13:06:58  INFO        ↳ checkpoint: 82 candidates saved to data/interim/tournament_candidates.csv
13:08:59  INFO        tnr1300160   rnd=9   ply=57    avg_rtg=2131  rated=100 %  tc=?           → PASS
13:08:59  INFO        ↳ checkpoint: 83 candidates saved to data/interim/tournament_candidates.csv
13:12:38  INFO        tnr1308176   rnd=9   ply=62    avg_rtg=1968  rated=95  %  tc=?           → PASS
13:12:38  INFO        ↳ checkpoint: 84 candidates saved to data/interim/tournament_candidates.csv
13:13:53  INFO        tnr1296999   rnd=9   ply=48    avg_rtg=1892  rated=100 %  tc=Rapid       → PASS
13:13:53  INFO        ↳ checkpoint: 85 candidates saved to data/interim/tournament_candidates.csv
13:13:56  INFO        tnr1317970   rnd=7   ply=36    avg_rtg=1810  rated=100 %  tc=?           → PASS
13:13:56  INFO        ↳ checkpoint: 86 candidates saved to data/interim/tournament_candidates.csv
13:14:49  INFO        tnr1277404   rnd=7   ply=45    avg_rtg=1813  rated=89  %  tc=Rapid       → PASS
13:14:49  INFO        ↳ checkpoint: 87 candidates saved to data/interim/tournament_candidates.csv
13:19:28  INFO        tnr1321301   rnd=9   ply=47    avg_rtg=1976  rated=100 %  tc=?           → PASS
13:19:28  INFO        ↳ checkpoint: 88 candidates saved to data/interim/tournament_candidates.csv
13:28:41  INFO        tnr1090491   rnd=8   ply=107   avg_rtg=1888  rated=92  %  tc=?           → PASS
13:28:41  INFO        ↳ checkpoint: 89 candidates saved to data/interim/tournament_candidates.csv
13:29:47  INFO        tnr1022294   rnd=7   ply=54    avg_rtg=1838  rated=98  %  tc=?           → PASS
13:29:47  INFO        ↳ checkpoint: 90 candidates saved to data/interim/tournament_candidates.csv
13:29:50  INFO        tnr996752    rnd=7   ply=68    avg_rtg=2107  rated=100 %  tc=?           → PASS
13:29:50  INFO        ↳ checkpoint: 91 candidates saved to data/interim/tournament_candidates.csv
13:29:53  INFO        tnr996753    rnd=7   ply=37    avg_rtg=1826  rated=100 %  tc=?           → PASS
13:29:53  INFO        ↳ checkpoint: 92 candidates saved to data/interim/tournament_candidates.csv
13:30:29  INFO        tnr1053362   rnd=6   ply=50    avg_rtg=1940  rated=90  %  tc=?           → PASS
13:30:29  INFO        ↳ checkpoint: 93 candidates saved to data/interim/tournament_candidates.csv
13:31:08  INFO        tnr1072606   rnd=7   ply=79    avg_rtg=2037  rated=100 %  tc=?           → PASS
13:31:08  INFO        ↳ checkpoint: 94 candidates saved to data/interim/tournament_candidates.csv
13:31:28  INFO        tnr1003801   rnd=7   ply=42    avg_rtg=2121  rated=100 %  tc=?           → PASS
13:31:28  INFO        ↳ checkpoint: 95 candidates saved to data/interim/tournament_candidates.csv
13:31:34  INFO        tnr873076    rnd=9   ply=65    avg_rtg=2196  rated=100 %  tc=Schnell     → PASS
13:31:34  INFO        ↳ checkpoint: 96 candidates saved to data/interim/tournament_candidates.csv
13:31:52  INFO        tnr1035587   rnd=7   ply=34    avg_rtg=1823  rated=91  %  tc=?           → PASS
13:31:52  INFO        ↳ checkpoint: 97 candidates saved to data/interim/tournament_candidates.csv
13:32:01  INFO        tnr1078111   rnd=8   ply=49    avg_rtg=1986  rated=100 %  tc=?           → PASS
13:32:01  INFO        ↳ checkpoint: 98 candidates saved to data/interim/tournament_candidates.csv
13:32:11  INFO        tnr972273    rnd=9   ply=77    avg_rtg=2027  rated=100 %  tc=?           → PASS
13:32:11  INFO        ↳ checkpoint: 99 candidates saved to data/interim/tournament_candidates.csv
13:32:22  INFO        tnr1078355   rnd=9   ply=35    avg_rtg=1877  rated=100 %  tc=?           → PASS
13:32:22  INFO        ↳ checkpoint: 100 candidates saved to data/interim/tournament_candidates.csv
13:34:10  INFO        tnr1030746   rnd=10  ply=150   avg_rtg=2126  rated=100 %  tc=?           → PASS
13:34:10  INFO        ↳ checkpoint: 101 candidates saved to data/interim/tournament_candidates.csv
13:34:13  INFO        tnr1048008   rnd=10  ply=149   avg_rtg=1828  rated=100 %  tc=?           → PASS
13:34:13  INFO        ↳ checkpoint: 102 candidates saved to data/interim/tournament_candidates.csv
13:34:42  INFO        tnr1012287   rnd=7   ply=53    avg_rtg=2060  rated=92  %  tc=?           → PASS
13:34:42  INFO        ↳ checkpoint: 103 candidates saved to data/interim/tournament_candidates.csv
13:39:29  INFO        tnr929420    rnd=9   ply=64    avg_rtg=2250  rated=100 %  tc=?           → PASS
13:39:29  INFO        ↳ checkpoint: 104 candidates saved to data/interim/tournament_candidates.csv
13:39:32  INFO        tnr929422    rnd=9   ply=40    avg_rtg=1889  rated=100 %  tc=?           → PASS
13:39:32  INFO        ↳ checkpoint: 105 candidates saved to data/interim/tournament_candidates.csv
13:46:43  INFO        tnr1084967   rnd=8   ply=92    avg_rtg=1936  rated=88  %  tc=?           → PASS
13:46:43  INFO        ↳ checkpoint: 106 candidates saved to data/interim/tournament_candidates.csv
13:46:56  INFO        tnr1084221   rnd=9   ply=66    avg_rtg=1806  rated=100 %  tc=?           → PASS
13:46:56  INFO        ↳ checkpoint: 107 candidates saved to data/interim/tournament_candidates.csv
13:52:01  INFO        tnr1060848   rnd=9   ply=41    avg_rtg=1835  rated=100 %  tc=?           → PASS
13:52:01  INFO        ↳ checkpoint: 108 candidates saved to data/interim/tournament_candidates.csv
13:52:11  INFO        tnr1083477   rnd=9   ply=50    avg_rtg=2270  rated=100 %  tc=?           → PASS
13:52:11  INFO        ↳ checkpoint: 109 candidates saved to data/interim/tournament_candidates.csv
13:53:31  INFO        tnr1065682   rnd=10  ply=150   avg_rtg=2137  rated=100 %  tc=?           → PASS
13:53:31  INFO        ↳ checkpoint: 110 candidates saved to data/interim/tournament_candidates.csv
13:53:40  INFO        tnr1069751   rnd=7   ply=58    avg_rtg=1911  rated=97  %  tc=?           → PASS
13:53:40  INFO        ↳ checkpoint: 111 candidates saved to data/interim/tournament_candidates.csv
13:55:39  INFO        tnr1066445   rnd=9   ply=123   avg_rtg=1878  rated=91  %  tc=?           → PASS
13:55:39  INFO        ↳ checkpoint: 112 candidates saved to data/interim/tournament_candidates.csv
14:02:24  INFO        tnr1054456   rnd=9   ply=76    avg_rtg=1914  rated=100 %  tc=?           → PASS
14:02:24  INFO        ↳ checkpoint: 113 candidates saved to data/interim/tournament_candidates.csv
14:02:59  INFO        tnr1066450   rnd=9   ply=127   avg_rtg=2090  rated=100 %  tc=?           → PASS
14:02:59  INFO        ↳ checkpoint: 114 candidates saved to data/interim/tournament_candidates.csv
14:03:02  INFO        tnr1066451   rnd=9   ply=33    avg_rtg=2018  rated=100 %  tc=?           → PASS
14:03:02  INFO        ↳ checkpoint: 115 candidates saved to data/interim/tournament_candidates.csv
14:03:58  INFO        tnr1058057   rnd=11  ply=150   avg_rtg=1861  rated=100 %  tc=?           → PASS
14:03:58  INFO        ↳ checkpoint: 116 candidates saved to data/interim/tournament_candidates.csv
14:04:28  INFO        tnr1079021   rnd=6   ply=68    avg_rtg=1841  rated=84  %  tc=?           → PASS
14:04:28  INFO        ↳ checkpoint: 117 candidates saved to data/interim/tournament_candidates.csv
14:04:32  INFO        tnr1067907   rnd=7   ply=35    avg_rtg=1838  rated=83  %  tc=?           → PASS
14:04:32  INFO        ↳ checkpoint: 118 candidates saved to data/interim/tournament_candidates.csv
14:04:46  INFO        tnr1075628   rnd=7   ply=36    avg_rtg=1894  rated=100 %  tc=?           → PASS
14:04:46  INFO        ↳ checkpoint: 119 candidates saved to data/interim/tournament_candidates.csv
14:05:07  INFO        tnr1072528   rnd=9   ply=149   avg_rtg=1830  rated=100 %  tc=?           → PASS
14:05:07  INFO        ↳ checkpoint: 120 candidates saved to data/interim/tournament_candidates.csv
14:05:13  INFO        tnr1065413   rnd=9   ply=38    avg_rtg=2214  rated=100 %  tc=?           → PASS
14:05:13  INFO        ↳ checkpoint: 121 candidates saved to data/interim/tournament_candidates.csv
14:06:15  INFO        tnr1080372   rnd=7   ply=45    avg_rtg=2082  rated=100 %  tc=?           → PASS
14:06:15  INFO        ↳ checkpoint: 122 candidates saved to data/interim/tournament_candidates.csv
14:06:28  INFO        tnr1054159   rnd=7   ply=60    avg_rtg=2003  rated=84  %  tc=?           → PASS
14:06:28  INFO        ↳ checkpoint: 123 candidates saved to data/interim/tournament_candidates.csv
14:07:20  INFO        tnr957150    rnd=10  ply=150   avg_rtg=2238  rated=100 %  tc=?           → PASS
14:07:20  INFO        ↳ checkpoint: 124 candidates saved to data/interim/tournament_candidates.csv
14:08:05  INFO        tnr1063384   rnd=9   ply=94    avg_rtg=2076  rated=100 %  tc=?           → PASS
14:08:05  INFO        ↳ checkpoint: 125 candidates saved to data/interim/tournament_candidates.csv
14:08:52  INFO        tnr1059715   rnd=8   ply=82    avg_rtg=1896  rated=92  %  tc=?           → PASS
14:08:52  INFO        ↳ checkpoint: 126 candidates saved to data/interim/tournament_candidates.csv
14:09:37  INFO        tnr1073951   rnd=9   ply=36    avg_rtg=1992  rated=92  %  tc=?           → PASS
14:09:37  INFO        ↳ checkpoint: 127 candidates saved to data/interim/tournament_candidates.csv
14:09:52  INFO        tnr976288    rnd=7   ply=47    avg_rtg=1982  rated=100 %  tc=?           → PASS
14:09:52  INFO        ↳ checkpoint: 128 candidates saved to data/interim/tournament_candidates.csv
14:15:14  WARNING   Retrying __main__.RateLimitedSession.get in 3 seconds as it raised ConnectionError: ('Connection aborted.', ConnectionResetError(54, 'Connection reset by peer')).
14:17:02  INFO        tnr1070226   rnd=9   ply=40    avg_rtg=2079  rated=100 %  tc=?           → PASS
14:17:02  INFO        ↳ checkpoint: 129 candidates saved to data/interim/tournament_candidates.csv
14:18:37  INFO        tnr1071465   rnd=9   ply=47    avg_rtg=1801  rated=100 %  tc=?           → PASS
14:18:37  INFO        ↳ checkpoint: 130 candidates saved to data/interim/tournament_candidates.csv
14:20:21  INFO        tnr1075546   rnd=9   ply=38    avg_rtg=1829  rated=95  %  tc=?           → PASS
14:20:21  INFO        ↳ checkpoint: 131 candidates saved to data/interim/tournament_candidates.csv
14:20:26  INFO        tnr1075548   rnd=9   ply=31    avg_rtg=1984  rated=100 %  tc=?           → PASS
14:20:26  INFO        ↳ checkpoint: 132 candidates saved to data/interim/tournament_candidates.csv
14:22:50  INFO        tnr1088394   rnd=9   ply=38    avg_rtg=1818  rated=95  %  tc=Rapid       → PASS
14:22:50  INFO        ↳ checkpoint: 133 candidates saved to data/interim/tournament_candidates.csv
14:23:46  INFO        tnr1080926   rnd=7   ply=36    avg_rtg=1822  rated=100 %  tc=?           → PASS
14:23:46  INFO        ↳ checkpoint: 134 candidates saved to data/interim/tournament_candidates.csv
14:27:17  INFO        tnr1077172   rnd=7   ply=31    avg_rtg=1874  rated=100 %  tc=Rapid       → PASS
14:27:17  INFO        ↳ checkpoint: 135 candidates saved to data/interim/tournament_candidates.csv
14:28:07  INFO        tnr1087732   rnd=7   ply=38    avg_rtg=1981  rated=100 %  tc=?           → PASS
14:28:07  INFO        ↳ checkpoint: 136 candidates saved to data/interim/tournament_candidates.csv
14:29:22  INFO        tnr1070267   rnd=9   ply=31    avg_rtg=1893  rated=90  %  tc=Rapid       → PASS
14:29:22  INFO        ↳ checkpoint: 137 candidates saved to data/interim/tournament_candidates.csv
14:30:06  INFO        tnr1012300   rnd=9   ply=86    avg_rtg=2036  rated=97  %  tc=Rapid       → PASS
14:30:06  INFO        ↳ checkpoint: 138 candidates saved to data/interim/tournament_candidates.csv
14:32:12  INFO        tnr1089908   rnd=9   ply=93    avg_rtg=1816  rated=83  %  tc=?           → PASS
14:32:12  INFO        ↳ checkpoint: 139 candidates saved to data/interim/tournament_candidates.csv
14:32:34  INFO        tnr1072504   rnd=9   ply=41    avg_rtg=1813  rated=93  %  tc=?           → PASS
14:32:34  INFO        ↳ checkpoint: 140 candidates saved to data/interim/tournament_candidates.csv
14:35:31  INFO        tnr1070842   rnd=7   ply=35    avg_rtg=1892  rated=100 %  tc=?           → PASS
14:35:31  INFO        ↳ checkpoint: 141 candidates saved to data/interim/tournament_candidates.csv
14:36:45  INFO        tnr1088341   rnd=7   ply=30    avg_rtg=1856  rated=90  %  tc=Rapid       → PASS
14:36:45  INFO        ↳ checkpoint: 142 candidates saved to data/interim/tournament_candidates.csv
14:36:48  INFO        tnr1085560   rnd=9   ply=36    avg_rtg=1944  rated=97  %  tc=?           → PASS
14:36:48  INFO        ↳ checkpoint: 143 candidates saved to data/interim/tournament_candidates.csv
14:39:01  INFO        tnr1082511   rnd=9   ply=63    avg_rtg=1850  rated=88  %  tc=?           → PASS
14:39:01  INFO        ↳ checkpoint: 144 candidates saved to data/interim/tournament_candidates.csv
14:41:22  INFO        tnr1086367   rnd=7   ply=33    avg_rtg=1834  rated=100 %  tc=Rapid       → PASS
14:41:22  INFO        ↳ checkpoint: 145 candidates saved to data/interim/tournament_candidates.csv
14:42:25  INFO        tnr1090985   rnd=7   ply=66    avg_rtg=1826  rated=88  %  tc=?           → PASS
14:42:25  INFO        ↳ checkpoint: 146 candidates saved to data/interim/tournament_candidates.csv
14:42:28  INFO        tnr1070759   rnd=8   ply=66    avg_rtg=1870  rated=100 %  tc=?           → PASS
14:42:28  INFO        ↳ checkpoint: 147 candidates saved to data/interim/tournament_candidates.csv
14:45:44  INFO        tnr1086869   rnd=9   ply=72    avg_rtg=1858  rated=97  %  tc=Rapid       → PASS
14:45:44  INFO        ↳ checkpoint: 148 candidates saved to data/interim/tournament_candidates.csv
14:49:10  INFO        tnr1090223   rnd=7   ply=36    avg_rtg=2040  rated=97  %  tc=Rapid       → PASS
14:49:10  INFO        ↳ checkpoint: 149 candidates saved to data/interim/tournament_candidates.csv
14:50:58  INFO        tnr1074691   rnd=11  ply=110   avg_rtg=2251  rated=100 %  tc=Rapid       → PASS
14:50:58  INFO        ↳ checkpoint: 150 candidates saved to data/interim/tournament_candidates.csv
14:50:58  INFO      Saved 150 candidates → data/interim/tournament_candidates.csv

==========================================================================================
 tournament_id                                               name       date  n_rounds  n_players country  fide_rated system time_control  avg_rating  pct_rated                                                url
       1048010 Athens of the East 4th International Open FIDE Rat 28.12.2024         9        150     IND        True  Swiss          NaN      1717.9      1.000 https://s1.chess-results.com/tnr1048010.aspx?lan=1
       1082918 COPA SANDRO MARECO - PROTEGENBOLSA DE PREMIOS: $ 2 28.12.2024        11        149     ARG        True  Swiss          NaN      1995.9      0.953 https://s1.chess-results.com/tnr1082918.aspx?lan=1
       1090975                  London Christmas Congress - Major 28.12.2024         6         32     ENG        True  Swiss          NaN      1681.5      0.970 https://s1.chess-results.com/tnr1090975.aspx?lan=1
       1090879 RIZVANOĞLU MİMARLIK BURSA 4.ELO AÇIK ELO SATRANÇ T 28.12.2024         6         52     TUR        True  Swiss          NaN      1641.1      1.000 https://s1.chess-results.com/tnr1090879.aspx?lan=1
       1081512 2ND KG MARAR MEMORIAL BELOW 1700 FIDE RATING TOURN 27.12.2024         9        149     IND        True  Swiss          NaN      1550.7      1.000 https://s1.chess-results.com/tnr1081512.aspx?lan=1
       1092539                        8. HSK Weihnachts Open 2024 27.12.2024         7         67     GER        True  Swiss          NaN      1894.8      0.985 https://s1.chess-results.com/tnr1092539.aspx?lan=1
       1051218          9. Frankenthaler Weihnachtsopen A-Turnier 27.12.2024         7         48     GER        True  Swiss          NaN      1993.5      1.000 https://s1.chess-results.com/tnr1051218.aspx?lan=1
       1051224          9. Frankenthaler Weihnachtsopen B-Turnier 27.12.2024         7         78     GER        True  Swiss          NaN      1549.0      0.987 https://s1.chess-results.com/tnr1051224.aspx?lan=1
        972588      9. Internationales Bad Schwartauer Schachopen 27.12.2024         7        109     GER        True  Swiss          NaN      1776.1      0.947  https://s1.chess-results.com/tnr972588.aspx?lan=1
       1054645      I Obert Festes de Nadal del Guinardó (Grup A) 27.12.2024         7         46      FM        True  Swiss          NaN      1917.3      1.000 https://s1.chess-results.com/tnr1054645.aspx?lan=1
       1209676                              Rilton Open 2025/2026 28.12.2025         7         63     SWE        True  Swiss                   1883.2      0.873 https://s1.chess-results.com/tnr1209676.aspx?lan=1
       1275253         10. Frankenthaler Weihnachtsopen A-Turnier 27.12.2025         7         65     GER        True  Swiss                   1982.2      1.000 https://s1.chess-results.com/tnr1275253.aspx?lan=1
       1322060 2nd Annual Loft Open Chess Championship - Open Sec 27.12.2025         8         57     ZAM        True  Swiss                   1950.3      0.842 https://s1.chess-results.com/tnr1322060.aspx?lan=1
       1278459                    3. ročník O zlaté prasátko 2025 27.12.2025         7         62     CZE        True  Swiss                   1829.4      0.984 https://s1.chess-results.com/tnr1278459.aspx?lan=1
       1293523 Hegedus-Kantor emlekverseny Mezőkövesd 2025-12.27- 27.12.2025         6         32     HUN        True  Swiss                   1878.9      0.875 https://s1.chess-results.com/tnr1293523.aspx?lan=1
       1266603                             HSK-Weihachtsopen 2025 27.12.2025         7         79     GER        True  Swiss                   1853.6      0.975 https://s1.chess-results.com/tnr1266603.aspx?lan=1
       1309599     II Obert Festes de Nadal del Guinardó (Grup A) 27.12.2025         7         31     ESP        True  Swiss                   1969.7      1.000 https://s1.chess-results.com/tnr1309599.aspx?lan=1
       1324528                                 Karlstad Open 2025 27.12.2025         8        131     SWE        True  Swiss                   1884.0      0.954 https://s1.chess-results.com/tnr1324528.aspx?lan=1
       1241551 XI. Dr. Berecz Arpad MemorialGroup "A" (Rating ove 27.12.2025         7         45     HUN        True  Swiss                   2158.8      1.000 https://s1.chess-results.com/tnr1241551.aspx?lan=1
       1242846 XI. Dr. Berecz Arpad MemorialGroup "B" (Rating lim 27.12.2025         7         53     HUN        True  Swiss                   1834.5      1.000 https://s1.chess-results.com/tnr1242846.aspx?lan=1
       1314460 "Зимові свята в Авангарді" Турнір А (кмсУ та Перши 26.12.2025         9         47                True  Swiss                   1894.7      0.979 https://s1.chess-results.com/tnr1314460.aspx?lan=1
       1312432           10th Johor International Chess Open 2025 26.12.2025         9         80     MAS        True  Swiss                   2011.0      0.988 https://s1.chess-results.com/tnr1312432.aspx?lan=1
       1292777                  34. Aschacher Donau Open Gruppe A 26.12.2025         7         71     AUT        True  Swiss                   2019.0      1.000 https://s1.chess-results.com/tnr1292777.aspx?lan=1
       1263715          49. Zürcher Weihnachtsopen Meisterturnier 26.12.2025         7         38     SUI        True  Swiss                   2134.6      1.000 https://s1.chess-results.com/tnr1263715.aspx?lan=1
       1094232 BASEL XMAS FESTIVAL 2025- MASTER(min 2000 Elo Fide 26.12.2025         9         90     SUI        True  Swiss      Schnell      2194.5      1.000 https://s1.chess-results.com/tnr1094232.aspx?lan=1
       1300791               Brazil Chess Series - Sao Paulo 2025 26.12.2025         9         47     BRA        True  Swiss                   1831.4      0.830 https://s1.chess-results.com/tnr1300791.aspx?lan=1
       1313571     XLVI Metropolitano Torneo Internacional 2025 A 26.12.2025         9         41     CRC        True  Swiss      Schnell      2062.8      1.000 https://s1.chess-results.com/tnr1313571.aspx?lan=1
       1287555             XVI OPEN INT. XADREZ MARQUÊS DE POMBAL 26.12.2025         7         62     POR        True  Swiss                   1832.9      0.871 https://s1.chess-results.com/tnr1287555.aspx?lan=1
       1277432 Athens of the East 5th International Grandmaster O 24.12.2025        10        150     IND        True  Swiss                   2101.8      1.000 https://s1.chess-results.com/tnr1277432.aspx?lan=1
       1277433 Athens of the East 5th International Grandmaster O 24.12.2025         9        150     IND        True  Swiss                   1844.7      1.000 https://s1.chess-results.com/tnr1277433.aspx?lan=1
       1235671           Hong Kong International Open 2025 - Open 23.12.2025         9        129     CHN        True  Swiss                   2061.0      1.000 https://s1.chess-results.com/tnr1235671.aspx?lan=1
       1307978                      Рождественские встречи в Орше 23.12.2025        10         58     RUS        True  Swiss                   2212.9      1.000 https://s1.chess-results.com/tnr1307978.aspx?lan=1
       1302807 20 ýaşa çenli oglanlaryň arasynda Türkmenistanyň b 22.12.2025        11         35     TKM        True  Swiss     Standard      1808.6      1.000 https://s1.chess-results.com/tnr1302807.aspx?lan=1
       1290636                       M.Botvinnik Cup 2025 B Group 22.12.2025         7         30     RUS        True  Swiss                   1875.8      1.000 https://s1.chess-results.com/tnr1290636.aspx?lan=1
       1277319 Međunarodni Amaterski OPEN turnir "Alija Ikić 2025 22.12.2025         7         42     SRB        True  Swiss                   2101.6      0.976 https://s1.chess-results.com/tnr1277319.aspx?lan=1
       1210514                Chessfestival Groningen 2025 Open A 21.12.2025         9         63     NED        True  Swiss                   2260.3      1.000 https://s1.chess-results.com/tnr1210514.aspx?lan=1
       1210515                Chessfestival Groningen 2025 Open B 21.12.2025         9         53     NED        True  Swiss                   1894.1      1.000 https://s1.chess-results.com/tnr1210515.aspx?lan=1
       1317305            2025 NATIONAL CHESS CHAMPIONSHIP - OPEN 20.12.2025         9         30     MAW        True  Swiss                   1911.0      0.967 https://s1.chess-results.com/tnr1317305.aspx?lan=1
       1300604               Campeonato Alagoano Absoluto 2025 !! 19.12.2025         6         52     BRA        True  Swiss                   1829.3      1.000 https://s1.chess-results.com/tnr1300604.aspx?lan=1
       1319203 SERKAN KONEZ AÇIK ELO SATRANÇ TURNUVASIA Kategoris 19.12.2025         7         38                True  Swiss                   1884.8      1.000 https://s1.chess-results.com/tnr1319203.aspx?lan=1
       1319270 109th Edward Lasker Memorial - Marshall Chess Club 18.12.2025         7         96      IM        True  Swiss                   2207.0      1.000 https://s1.chess-results.com/tnr1319270.aspx?lan=1
       1316550 17th Penang Heritage City International Chess Open 18.12.2025         9         98     PCA        True  Swiss                   1965.5      0.980 https://s1.chess-results.com/tnr1316550.aspx?lan=1
       1213210  3. OTVORENI MEĐUNARODNI ŠAHOVSKI TURNIR DUBROVNIK 18.12.2025         7         95     CRO        True  Swiss                   1854.8      0.874 https://s1.chess-results.com/tnr1213210.aspx?lan=1
       1262787 Wellness Chess Tour GP18 Záró rendezvény 2025. Dec 18.12.2025         7         47     HUN        True  Swiss                   1861.9      0.957 https://s1.chess-results.com/tnr1262787.aspx?lan=1
       1277628                          IV Gran Clasico Armagedon 17.12.2025         9         43     PER        True  Swiss                   1938.7      1.000 https://s1.chess-results.com/tnr1277628.aspx?lan=1
       1299458 ⛔Međunarodni amaterski turnir u šahu ,,RADNIČKI 20 17.12.2025         9         33     SRB        True  Swiss                   1851.5      1.000 https://s1.chess-results.com/tnr1299458.aspx?lan=1
       1314104 PSC-NCFP Selection National Chess Championship Sem 17.12.2025         7         52     PHI        True  Swiss                   1829.0      0.846 https://s1.chess-results.com/tnr1314104.aspx?lan=1
       1300653 XXXV Torneo Internacional de Ajedrez "Carlos Torre 16.12.2025         7         50     MEX        True  Swiss                   1948.2      1.000 https://s1.chess-results.com/tnr1300653.aspx?lan=1
       1305306                        Championship UKR Men`s 2025 15.12.2025         9        125     UKR        True  Swiss                   1852.3      0.904 https://s1.chess-results.com/tnr1305306.aspx?lan=1
       1299610 XXXV Torneo Internacional de Ajedrez "Carlos Torre 15.12.2025         9         57     MEX        True  Swiss                   2173.7      1.000 https://s1.chess-results.com/tnr1299610.aspx?lan=1
       1306069        Чемпіонат України з шахів (класичні) - 2025 15.12.2025         9        125      FM        True  Swiss                   2060.3      1.000 https://s1.chess-results.com/tnr1306069.aspx?lan=1
       1306068 Чемпіонат України з шахів серед жінок (класичні) - 15.12.2025         9         31                True  Swiss                   2008.4      0.968 https://s1.chess-results.com/tnr1306068.aspx?lan=1
       1251766            91o Campeonato Brasileiro Absoluto 2025 14.12.2025        11        136      SC        True  Swiss                   1935.6      0.904 https://s1.chess-results.com/tnr1251766.aspx?lan=1
       1313909                   MEMORIJAL VOJKANA PETROVICA 2025 12.12.2025         6         61     SRB        True  Swiss                   1893.8      0.852 https://s1.chess-results.com/tnr1313909.aspx?lan=1
       1208374 ADVENTSKI ŠAHOVSKI FESTIVAL 2025- CRIKVENICA OPENA 12.12.2025         9         45     CRO        True  Swiss                   2069.6      1.000 https://s1.chess-results.com/tnr1208374.aspx?lan=1
       1277112  DICIEMBRE EN EL CLUB ARGENTINO Torneo OATD Alicia 12.12.2025         9         78     ARG        True  Swiss                   1823.6      0.949 https://s1.chess-results.com/tnr1277112.aspx?lan=1
       1258957 XII SUNWAY SITGES INTERNATIONAL CHESS FESTIVAL 202 12.12.2025        10        150      FM        True  Swiss                   2232.3      1.000 https://s1.chess-results.com/tnr1258957.aspx?lan=1
       1254861 FINAL SUB2000 CAMPEONATO ARGENTINO DE AJEDREZ SOCI 11.12.2025         7         42     ARG        True  Swiss                   1809.9      1.000 https://s1.chess-results.com/tnr1254861.aspx?lan=1
       1292959              Torneo IRT Clásico Navideno Bogotá DC 10.12.2025         8        129     COL        True  Swiss                   1817.8      0.860 https://s1.chess-results.com/tnr1292959.aspx?lan=1
       1308129  Chess Hub-Pahang Year End Invitational Tournament 09.12.2025         9         33     MAS        True  Swiss                   1925.8      0.970 https://s1.chess-results.com/tnr1308129.aspx?lan=1
       1299309                   Grand-Open in "Galeria", Stage 3 06.12.2025         7         51     RUS        True  Swiss                   2002.2      1.000 https://s1.chess-results.com/tnr1299309.aspx?lan=1
       1310916         III TORNEO INTERNACIONAL VEGA DE SAN MATEO 06.12.2025         9         77     ESP        True  Swiss                   1971.9      0.948 https://s1.chess-results.com/tnr1310916.aspx?lan=1
       1319828    5. Lípácký rapid U Vacků - Silvestrovský turnaj 31.12.2025         9         45     CZE        True  Swiss        Rapid      1893.4      0.956 https://s1.chess-results.com/tnr1319828.aspx?lan=1
       1325893  The 17th Cultural and Sports Olympiad for Iranian 30.12.2025         7         51     IRI        True  Swiss        Rapid      1845.4      0.804 https://s1.chess-results.com/tnr1325893.aspx?lan=1
       1321995    IRT Torneo de Ajedrez Rapido Feria de Cali 2025 28.12.2025         7        122     COL        True  Swiss        Rapid      1818.2      0.852 https://s1.chess-results.com/tnr1321995.aspx?lan=1
       1325119                    Rapid Moscow. December 2025 - 3 28.12.2025         7         66     RUS        True  Swiss        Rapid      1857.4      0.939 https://s1.chess-results.com/tnr1325119.aspx?lan=1
       1277321 Rapid turnir "Dan Sandžaka 2025",  nedelja, 28. de 28.12.2025         9         66     SRB        True  Swiss        Rapid      2083.9      0.970 https://s1.chess-results.com/tnr1277321.aspx?lan=1
       1322314 Tradicionalni Novogodišnji turnir Od kina do benzi 28.12.2025         9         41     BIH        True  Swiss                   1893.7      0.927 https://s1.chess-results.com/tnr1322314.aspx?lan=1
       1321838             Turneu i III-të i Shahut “Tearca 2025” 28.12.2025         9         79     MKD        True  Swiss                   1806.0      0.835 https://s1.chess-results.com/tnr1321838.aspx?lan=1
       1308177 VII Open Internacional Ciutat de Vilanova -  45471 28.12.2025         8         67     ESP        True  Swiss                   1852.2      0.985 https://s1.chess-results.com/tnr1308177.aspx?lan=1
       1307620      ZAVRŠNI TURNIR ŠAHOVSKE SEKCIJE SABA RH 2025. 28.12.2025         7         45     CRO        True  Swiss                   1842.8      0.956 https://s1.chess-results.com/tnr1307620.aspx?lan=1
       1323866   MEMORIJALNI TURNIR "VLADIMIR MIHIC ZMAJEVO 2025" 27.12.2025         9         44     SRB        True  Swiss                   1963.3      1.000 https://s1.chess-results.com/tnr1323866.aspx?lan=1
       1320076 Bye Bye 2025 #XADREZNOBURGUES 54ª Edição Torneio X 27.12.2025         7         31     BRA        True  Swiss                   1946.1      0.935 https://s1.chess-results.com/tnr1320076.aspx?lan=1
       1324037                          Мемориал В.В. Осноса-2025 27.12.2025        11         58     RUS        True  Swiss                   1834.8      1.000 https://s1.chess-results.com/tnr1324037.aspx?lan=1
       1319475 17th Grand Prix 2025 'Before the New Year', by SOX 26.12.2025         6         32     GRE        True  Swiss        Rapid      1818.5      0.969 https://s1.chess-results.com/tnr1319475.aspx?lan=1
       1313075         FIDE Women’s World Rapid Championship 2025 26.12.2025        11        141      IM        True  Swiss        Rapid      2196.7      1.000 https://s1.chess-results.com/tnr1313075.aspx?lan=1
       1316189                         Prvenstvo grada Čačka 2025 26.12.2025         9         39     SRB        True  Swiss                   1898.9      0.821 https://s1.chess-results.com/tnr1316189.aspx?lan=1
       1303926            Суперкубок ЦАО-2025 по быстрым шахматам 25.12.2025         7         34     RUS        True  Swiss                   1813.6      1.000 https://s1.chess-results.com/tnr1303926.aspx?lan=1
       1322555                  Ya. D. Zinder Memorial 2025_rapid 24.12.2025         9         53     RUS        True  Swiss        Rapid      1862.6      1.000 https://s1.chess-results.com/tnr1322555.aspx?lan=1
       1306028                Championship UKR Men`s 2025 - Rapid 23.12.2025         9        150     UKR        True  Swiss        Rapid      2011.0      1.000 https://s1.chess-results.com/tnr1306028.aspx?lan=1
       1322287                Championship UKR Women 2025 - Rapid 23.12.2025         9         39     UKR        True  Swiss        Rapid      1856.8      1.000 https://s1.chess-results.com/tnr1322287.aspx?lan=1
       1301587 ▄▀ ТРОФЕЈ СМЕДЕРЕВСКА ПАЛАНКА 2025 (21.децембар, н 21.12.2025         9        150     SRB        True  Swiss                   2109.9      1.000 https://s1.chess-results.com/tnr1301587.aspx?lan=1
       1300160                       34. NAPRETKOV BOŽIĆNI TURNIR 21.12.2025         9         57     BIH        True  Swiss                   2131.0      1.000 https://s1.chess-results.com/tnr1300160.aspx?lan=1
       1308176 I MEMORIJALNI ŠAHOVSKI TURNIR "EJUP MURATOVIĆ"Duga 21.12.2025         9         62     SRB        True  Swiss                   1967.5      0.952 https://s1.chess-results.com/tnr1308176.aspx?lan=1
       1296999 KULA - Rapid turnir "Memorijal Momcilo Babic" 21de 21.12.2025         9         48     SRB        True  Swiss        Rapid      1892.5      1.000 https://s1.chess-results.com/tnr1296999.aspx?lan=1
       1317970                 Kulttuuri-Shakki-58:n jouluturnaus 21.12.2025         7         36     FIN        True  Swiss                   1809.8      1.000 https://s1.chess-results.com/tnr1317970.aspx?lan=1
       1277404 Praha - 21. 12. - 3. ročník Populus Open - zimní r 21.12.2025         7         45      OK        True  Swiss        Rapid      1812.7      0.889 https://s1.chess-results.com/tnr1277404.aspx?lan=1
       1321301                Гандикап-турнир "Встреча поколений" 21.12.2025         9         47     RUS        True  Swiss                   1975.6      1.000 https://s1.chess-results.com/tnr1321301.aspx?lan=1
       1090491                                 Karlstad Open 2024 27.12.2024         8        107     SWE        True  Swiss                   1887.8      0.917 https://s1.chess-results.com/tnr1090491.aspx?lan=1
       1022294 Weekend Sahist Bucurestean 61(27-29 decembrie 2024 27.12.2024         7         54     ROU        True  Swiss                   1838.5      0.981 https://s1.chess-results.com/tnr1022294.aspx?lan=1
        996752                         X. Berecz Memorial Group A 27.12.2024         7         68     HUN        True  Swiss                   2106.6      1.000  https://s1.chess-results.com/tnr996752.aspx?lan=1
        996753                         X. Berecz Memorial Group B 27.12.2024         7         37     HUN        True  Swiss                   1825.6      1.000  https://s1.chess-results.com/tnr996753.aspx?lan=1
       1053362      ZIMSKI "FENIKS" OPEN BRANICEVSKOG OKRUGA 2024 27.12.2024         6         50     SRB        True  Swiss                   1939.5      0.900 https://s1.chess-results.com/tnr1053362.aspx?lan=1
       1072606                  33. Aschacher Donau Open Gruppe A 26.12.2024         7         79     AUT        True  Swiss                   2037.2      1.000 https://s1.chess-results.com/tnr1072606.aspx?lan=1
       1003801                 48. Zürcher Weihnachtsopen Meister 26.12.2024         7         42     SUI        True  Swiss                   2121.1      1.000 https://s1.chess-results.com/tnr1003801.aspx?lan=1
        873076    BASEL XMAS FESTIVAL 2024 - MASTER(min 2050 Elo) 26.12.2024         9         65     SUI        True  Swiss      Schnell      2195.5      1.000  https://s1.chess-results.com/tnr873076.aspx?lan=1
       1035587                           Memoriál Ing. Olexy 2024 26.12.2024         7         34     CZE        True  Swiss                   1823.0      0.912 https://s1.chess-results.com/tnr1035587.aspx?lan=1
       1078111 Torneo IRT Internacional Santiago de Cali ELO Mayo 26.12.2024         8         49     COL        True  Swiss                   1986.3      1.000 https://s1.chess-results.com/tnr1078111.aspx?lan=1
        972273 XIII Festival Internacional LORCA, 26-30 Diciembre 26.12.2024         9         77     ESP        True  Swiss                   2027.4      1.000  https://s1.chess-results.com/tnr972273.aspx?lan=1
       1078355  Зимові свята в Авангарді - турнір А (1 розряди та 26.12.2024         9         35                True  Swiss                   1876.9      1.000 https://s1.chess-results.com/tnr1078355.aspx?lan=1
       1030746  Athens of the East 4th International Grand Master 24.12.2024        10        150     IND        True  Swiss                   2126.5      1.000 https://s1.chess-results.com/tnr1030746.aspx?lan=1
       1048008 Athens of the East 4th International Open FIDE Rat 24.12.2024        10        149     IND        True  Swiss                   1828.4      1.000 https://s1.chess-results.com/tnr1048008.aspx?lan=1
       1012287 Međunarodni Amaterski OPEN turnir "Alija Ikić 2024 24.12.2024         7         53     SRB        True  Swiss                   2060.2      0.925 https://s1.chess-results.com/tnr1012287.aspx?lan=1
        929420                Chessfestival Groningen 2024 Open A 21.12.2024         9         64     NED        True  Swiss                   2250.2      1.000  https://s1.chess-results.com/tnr929420.aspx?lan=1
        929422                Chessfestival Groningen 2024 Open B 21.12.2024         9         40     NED        True  Swiss                   1889.1      1.000  https://s1.chess-results.com/tnr929422.aspx?lan=1
       1084967                    Airforce Commander Open Section 20.12.2024         8         92     ZAM        True  Swiss                   1935.6      0.884 https://s1.chess-results.com/tnr1084967.aspx?lan=1
       1084221                           G.Lisitsyn Memorial 2024 20.12.2024         9         66      FM        True  Swiss                   1805.9      1.000 https://s1.chess-results.com/tnr1084221.aspx?lan=1
       1060848 Asian Amateur Chess Championships 2024 - Men U2000 16.12.2024         9         41     IND        True  Swiss                   1835.2      1.000 https://s1.chess-results.com/tnr1060848.aspx?lan=1
       1083477   International Tashkent Chess Festival -"MASTERS" 16.12.2024         9         50     UZB        True  Swiss                   2270.2      1.000 https://s1.chess-results.com/tnr1083477.aspx?lan=1
       1065682 ODISHA OPEN - Category 'A' (1900 & above)#  (The 1 15.12.2024        10        150     IND        True  Swiss                   2136.9      1.000 https://s1.chess-results.com/tnr1065682.aspx?lan=1
       1069751 XXXIV Torneo Internacional Carlos Torre Repetto "I 15.12.2024         7         58     MEX        True  Swiss                   1910.9      0.968 https://s1.chess-results.com/tnr1069751.aspx?lan=1
       1066445                        Championship UKR Men`s 2024 14.12.2024         9        123     UKR        True  Swiss                   1877.6      0.913 https://s1.chess-results.com/tnr1066445.aspx?lan=1
       1054456 Турнир A - Winter Cup 2024 (ТОО "Альянс МТС" -  пр 14.12.2024         9         76     KAZ        True  Swiss                   1914.5      1.000 https://s1.chess-results.com/tnr1054456.aspx?lan=1
       1066450          Чемпіонат України з шахів (класичні шахи) 14.12.2024         9        127                True  Swiss                   2090.0      1.000 https://s1.chess-results.com/tnr1066450.aspx?lan=1
       1066451 Чемпіонат України з шахів (класичні шахи) серед жі 14.12.2024         9         33                True  Swiss                   2018.1      1.000 https://s1.chess-results.com/tnr1066451.aspx?lan=1
       1058057 90o Campeonato Brasileiro Absoluto de Xadrez STD 2 13.12.2024        11        150      RN        True  Swiss                   1861.2      1.000 https://s1.chess-results.com/tnr1058057.aspx?lan=1
       1079021 Grand Master 'Ziaur Rahman' Smriti 1st Internation 13.12.2024         6         68     BAN        True  Swiss                   1841.3      0.845 https://s1.chess-results.com/tnr1079021.aspx?lan=1
       1067907               III TORNEO IRT FUERZA DEL NORTE 2024 13.12.2024         7         35     CHI        True  Swiss                   1838.3      0.829 https://s1.chess-results.com/tnr1067907.aspx?lan=1
       1075628                             Prvenstvo Osijeka 2024 13.12.2024         7         36     CRO        True  Swiss                   1894.2      1.000 https://s1.chess-results.com/tnr1075628.aspx?lan=1
       1072528 Victory Day International Open Chess Tournament-20 13.12.2024         9        149     BAN        True  Swiss                   1829.8      1.000 https://s1.chess-results.com/tnr1072528.aspx?lan=1
       1065413 XXXIV Torneo Internacional Carlos Torre Repetto "I 13.12.2024         9         38     MEX        True  Swiss                   2214.2      1.000 https://s1.chess-results.com/tnr1065413.aspx?lan=1
       1080372 108th Edward Lasker Memorial and Marshall Chess Cl 12.12.2024         7         45     USA        True  Swiss                   2082.4      1.000 https://s1.chess-results.com/tnr1080372.aspx?lan=1
       1054159       53. MEĐUNARODNI ŠAHOVSKI TURNIR "BOSNA 2024" 12.12.2024         7         60     BIH        True  Swiss                   2003.1      0.836 https://s1.chess-results.com/tnr1054159.aspx?lan=1
        957150 XI SUNWAY SITGES INTERNATIONAL CHESS FESTIVAL 2024 12.12.2024        10        150      FM        True  Swiss                   2238.3      1.000  https://s1.chess-results.com/tnr957150.aspx?lan=1
       1063384                               Skopje OPEN 2024 - A 11.12.2024         9         94     MKD        True  Swiss                   2076.2      1.000 https://s1.chess-results.com/tnr1063384.aspx?lan=1
       1059715 2° GRAN ABIERTO ALICIA DE GUELMAN CLUB ARGENTINO D 09.12.2024         8         82     ARG        True  Swiss                   1896.4      0.916 https://s1.chess-results.com/tnr1059715.aspx?lan=1
       1073951                              NCC OPEN 2024 MASTERS 09.12.2024         9         36     NGR        True  Swiss                   1992.4      0.923 https://s1.chess-results.com/tnr1073951.aspx?lan=1
        976288                    Wiener Advent Open 2024Gruppe A 09.12.2024         7         47     AUT        True  Swiss                   1982.4      1.000  https://s1.chess-results.com/tnr976288.aspx?lan=1
       1070226      3rd Alamto Cup International Chess Festival A 07.12.2024         9         40     IRI        True  Swiss                   2078.6      1.000 https://s1.chess-results.com/tnr1070226.aspx?lan=1
       1071465 3rd Alamto Cup International Chess Festival B Ilam 07.12.2024         9         47     IRI        True  Swiss                   1801.3      1.000 https://s1.chess-results.com/tnr1071465.aspx?lan=1
       1075546 Festival Sudamericano de la Juventud - Categoria S 07.12.2024         9         38     ARG        True  Swiss                   1829.4      0.947 https://s1.chess-results.com/tnr1075546.aspx?lan=1
       1075548 Festival Sudamericano de la Juventud - Categoria S 07.12.2024         9         31     URU        True  Swiss                   1984.5      1.000 https://s1.chess-results.com/tnr1075548.aspx?lan=1
       1088394    3. Lípácký rapid U Vacků - Silvestrovský turnaj 31.12.2024         9         38     CZE        True  Swiss        Rapid      1817.6      0.947 https://s1.chess-results.com/tnr1088394.aspx?lan=1
       1080926                          10 város Miskolc - Open A 30.12.2024         7         36     HUN        True  Swiss                   1821.6      1.000 https://s1.chess-results.com/tnr1080926.aspx?lan=1
       1077172          Budapest Winter Classic Rapiddecember 29. 29.12.2024         7         31     HUN        True  Swiss        Rapid      1874.2      1.000 https://s1.chess-results.com/tnr1077172.aspx?lan=1
       1087732                  Copa dos Campeões de Alagoas 2024 29.12.2024         7         38     BRA        True  Swiss                   1980.8      1.000 https://s1.chess-results.com/tnr1087732.aspx?lan=1
       1070267              Novogodisnji rapid SK Stari grad 2024 29.12.2024         9         31     SRB        True  Swiss        Rapid      1892.9      0.903 https://s1.chess-results.com/tnr1070267.aspx?lan=1
       1012300 Rapid turnir "Dan Sandžaka 2024",  nedelja, 29. de 29.12.2024         9         86     SRB        True  Swiss        Rapid      2036.1      0.970 https://s1.chess-results.com/tnr1012300.aspx?lan=1
       1089908                       Up and Down Chess Tournament 29.12.2024         9         93     KAZ        True  Swiss                   1816.3      0.828 https://s1.chess-results.com/tnr1089908.aspx?lan=1
       1072504 Відкритий чемпіонат Закарпатської області з швидки 29.12.2024         9         41     UKR        True  Swiss                   1813.0      0.927 https://s1.chess-results.com/tnr1072504.aspx?lan=1
       1070842  #XADREZNOBURGUES XLIII - Torneio Aberto Xadrez LB 28.12.2024         7         35     BRA        True  Swiss                   1891.5      1.000 https://s1.chess-results.com/tnr1070842.aspx?lan=1
       1088341  28.12. Ústí n.L., rapid do FIDEela, 100 let klubu 28.12.2024         7         30     CZE        True  Swiss        Rapid      1855.5      0.900 https://s1.chess-results.com/tnr1088341.aspx?lan=1
       1085560      29. Seniorsko Prvenstvo ŠSZDK za 2024. godinu 28.12.2024         9         36     BIH        True  Swiss                   1943.9      0.972 https://s1.chess-results.com/tnr1085560.aspx?lan=1
       1082511 Guia es Deporte 2024 - Circuito de Canarias Activo 28.12.2024         9         63     ESP        True  Swiss                   1850.2      0.875 https://s1.chess-results.com/tnr1082511.aspx?lan=1
       1086367            SUBOTICA  SahArt  RAPID  finale za 2024 28.12.2024         7         33     SRB        True  Swiss        Rapid      1833.5      1.000 https://s1.chess-results.com/tnr1086367.aspx?lan=1
       1090985 VI IRT Torneo Navideño de Ajedrez FUNCAEXP 2024 AT 28.12.2024         7         66     COL        True  Swiss                   1825.8      0.882 https://s1.chess-results.com/tnr1090985.aspx?lan=1
       1070759           VI Open Internacional Ciutat de Vilanova 28.12.2024         8         66     ESP        True  Swiss                   1870.2      1.000 https://s1.chess-results.com/tnr1070759.aspx?lan=1
       1086869 ФИНАЛ - Alliance-MTS Rapid (28-29 декабря, призово 28.12.2024         9         72     KAZ        True  Swiss        Rapid      1858.0      0.972 https://s1.chess-results.com/tnr1086869.aspx?lan=1
       1090223                 WCF Ljubljana Rapid Challenge 2024 27.12.2024         7         36     SLO        True  Swiss        Rapid      2039.9      0.972 https://s1.chess-results.com/tnr1090223.aspx?lan=1
       1074691        FIDE Women’s World Rapid Championships 2024 26.12.2024        11        110      IM        True  Swiss        Rapid      2251.1      1.000 https://s1.chess-results.com/tnr1074691.aspx?lan=1
==========================================================================================
